cifar10_wrn_0.001_cos_oe.log

batch_size: 128
begin_epoch: 0
calibration: False
dataset: cifar10
decay: 0.0005
droprate: 0.3
epochs: 10
layers: 40
learning_rate: 0.001
lr_adjust: cos
model: wrn
momentum: 0.9
ngpu: 1
num_to_avg: 1
oe_batch_size: 256
oe_setting: yes
out_as_pos: False
prefetch: 4
seed: 1
test: False
test_bs: 200
use_xent: False
warmup: 5
widen_factor: 2

  FPR95 AUROC AUPR (acc 93.77)
lsun
& 3.90 & 98.55 & 99.73
isun
& 11.45 & 97.96 & 99.60
texture
& 34.70 & 92.95 & 98.28
places
& 25.60 & 95.64 & 99.11
total
& 18.91 & 96.27 & 99.18
cifar
& 49.35 & 90.43 & 97.64
  FPR95 AUROC AUPR (acc 94.48)
lsun
& 1.35 & 99.47 & 99.90
isun
& 1.75 & 99.31 & 99.87
texture
& 19.75 & 95.73 & 98.98
places
& 17.60 & 96.64 & 99.30
total
& 10.11 & 97.79 & 99.51
cifar
& 41.65 & 91.79 & 98.05
  FPR95 AUROC AUPR (acc 94.41)
lsun
& 1.30 & 99.61 & 99.92
isun
& 0.25 & 99.76 & 99.95
texture
& 16.75 & 96.54 & 99.15
places
& 16.20 & 97.06 & 99.38
total
& 8.62 & 98.24 & 99.60
cifar
& 41.10 & 92.42 & 98.31
  FPR95 AUROC AUPR (acc 94.30)
lsun
& 1.20 & 99.58 & 99.92
isun
& 0.20 & 99.82 & 99.97
texture
& 15.95 & 96.63 & 99.20
places
& 11.30 & 97.71 & 99.52
total
& 7.16 & 98.43 & 99.65
cifar
& 41.15 & 91.85 & 98.06
  FPR95 AUROC AUPR (acc 94.19)
lsun
& 1.25 & 99.54 & 99.91
isun
& 0.00 & 99.87 & 99.98
texture
& 14.40 & 96.85 & 99.23
places
& 10.95 & 97.86 & 99.55
total
& 6.65 & 98.53 & 99.67
cifar
& 40.55 & 91.88 & 98.13
  FPR95 AUROC AUPR (acc 89.00)
lsun
& 2.10 & 99.28 & 99.86
isun
& 0.35 & 99.62 & 99.93
texture
& 26.80 & 94.83 & 98.83
places
& 12.45 & 97.53 & 99.48
total
& 10.43 & 97.81 & 99.52
cifar
& 49.95 & 89.36 & 97.52
  FPR95 AUROC AUPR (acc 86.35)
lsun
& 3.90 & 99.02 & 99.81
isun
& 0.65 & 99.42 & 99.89
texture
& 35.60 & 92.68 & 98.25
places
& 13.25 & 97.44 & 99.46
total
& 13.35 & 97.14 & 99.35
cifar
& 55.45 & 89.07 & 97.55
  FPR95 AUROC AUPR (acc 89.63)
lsun
& 1.60 & 99.40 & 99.88
isun
& 0.10 & 99.66 & 99.94
texture
& 25.30 & 94.67 & 98.70
places
& 10.00 & 97.86 & 99.54
total
& 9.25 & 97.89 & 99.51
cifar
& 48.10 & 89.94 & 97.71
  FPR95 AUROC AUPR (acc 91.65)
lsun
& 1.60 & 99.47 & 99.90
isun
& 0.10 & 99.83 & 99.97
texture
& 17.00 & 96.16 & 99.08
places
& 9.80 & 97.98 & 99.56
total
& 7.12 & 98.36 & 99.63
cifar
& 45.05 & 91.27 & 98.05
