cifar10_wrn_0.001_poem.log

batch_size: 128
begin_epoch: 0
calibration: False
dataset: cifar10
decay: 0.0005
droprate: 0.3
epochs: 10
layers: 40
learning_rate: 0.001
lr_adjust: poem
model: wrn
momentum: 0.9
ngpu: 1
num_to_avg: 1
oe_batch_size: 256
out_as_pos: False
prefetch: 4
seed: 1
test: False
test_bs: 200
use_xent: False
warmup: 5
widen_factor: 2

  FPR95 AUROC AUPR (acc 93.06)
lsun
& 3.45 & 98.56 & 99.73
isun
& 13.10 & 97.78 & 99.57
texture
& 36.05 & 92.78 & 98.26
places
& 29.65 & 94.98 & 98.94
total
& 20.56 & 96.02 & 99.12
cifar
& 49.30 & 90.73 & 97.82
  FPR95 AUROC AUPR (acc 93.96)
lsun
& 0.95 & 99.58 & 99.92
isun
& 0.60 & 99.63 & 99.93
texture
& 19.40 & 96.20 & 99.14
places
& 16.60 & 96.90 & 99.35
total
& 9.39 & 98.08 & 99.58
cifar
& 42.35 & 91.81 & 98.04
  FPR95 AUROC AUPR (acc 93.94)
lsun
& 0.90 & 99.63 & 99.93
isun
& 0.05 & 99.86 & 99.97
texture
& 15.25 & 96.41 & 99.11
places
& 11.65 & 97.48 & 99.46
total
& 6.96 & 98.34 & 99.62
cifar
& 41.50 & 91.95 & 98.14
  FPR95 AUROC AUPR (acc 93.79)
lsun
& 1.35 & 99.48 & 99.90
isun
& 0.00 & 99.90 & 99.98
texture
& 14.00 & 96.48 & 99.08
places
& 9.15 & 98.09 & 99.60
total
& 6.12 & 98.49 & 99.64
cifar
& 44.00 & 91.28 & 98.06
  FPR95 AUROC AUPR (acc 93.91)
lsun
& 1.60 & 99.46 & 99.89
isun
& 0.00 & 99.90 & 99.98
texture
& 14.05 & 96.63 & 99.14
places
& 7.90 & 98.28 & 99.65
total
& 5.89 & 98.57 & 99.67
cifar
& 45.55 & 90.94 & 97.90
  FPR95 AUROC AUPR (acc 90.08)
lsun
& 2.25 & 99.27 & 99.86
isun
& 0.20 & 99.82 & 99.97
texture
& 22.20 & 95.33 & 98.88
places
& 10.60 & 97.75 & 99.52
total
& 8.81 & 98.04 & 99.56
cifar
& 46.05 & 90.17 & 97.74
  FPR95 AUROC AUPR (acc 88.82)
lsun
& 3.25 & 99.16 & 99.84
isun
& 0.15 & 99.87 & 99.97
texture
& 23.60 & 94.96 & 98.73
places
& 11.10 & 97.76 & 99.52
total
& 9.53 & 97.94 & 99.52
cifar
& 51.20 & 89.39 & 97.57
  FPR95 AUROC AUPR (acc 90.42)
lsun
& 3.15 & 99.19 & 99.84
isun
& 0.05 & 99.89 & 99.98
texture
& 20.30 & 95.56 & 98.88
places
& 9.85 & 97.92 & 99.56
total
& 8.34 & 98.14 & 99.57
cifar
& 47.35 & 90.25 & 97.74
  FPR95 AUROC AUPR (acc 92.15)
lsun
& 1.85 & 99.45 & 99.89
isun
& 0.00 & 99.90 & 99.98
texture
& 16.05 & 96.20 & 99.09
places
& 9.25 & 98.22 & 99.63
total
& 6.79 & 98.44 & 99.65
cifar
& 45.25 & 91.22 & 98.03
