cifar10_wrn_0.01_poem.log

batch_size: 128
begin_epoch: 0
calibration: False
dataset: cifar10
decay: 0.0005
droprate: 0.3
epochs: 10
layers: 40
learning_rate: 0.01
lr_adjust: poem
model: wrn
momentum: 0.9
ngpu: 1
num_to_avg: 1
oe_batch_size: 256
out_as_pos: False
prefetch: 4
seed: 1
test: False
test_bs: 200
use_xent: False
warmup: 5
widen_factor: 2

  FPR95 AUROC AUPR (acc 93.34)
lsun
& 1.40 & 99.59 & 99.92
isun
& 0.90 & 99.60 & 99.92
texture
& 13.90 & 96.63 & 99.16
places
& 5.30 & 98.73 & 99.73
total
& 5.38 & 98.64 & 99.68
cifar
& 52.25 & 89.65 & 97.67
  FPR95 AUROC AUPR (acc 93.76)
lsun
& 0.40 & 99.83 & 99.97
isun
& 0.40 & 99.75 & 99.95
texture
& 11.20 & 97.75 & 99.49
places
& 8.55 & 98.30 & 99.63
total
& 5.14 & 98.91 & 99.76
cifar
& 49.60 & 90.22 & 97.84
  FPR95 AUROC AUPR (acc 93.24)
lsun
& 0.20 & 99.77 & 99.96
isun
& 1.85 & 99.37 & 99.88
texture
& 11.30 & 97.62 & 99.46
places
& 14.95 & 96.96 & 99.35
total
& 7.07 & 98.43 & 99.66
cifar
& 51.40 & 89.67 & 97.69
  FPR95 AUROC AUPR (acc 93.76)
lsun
& 0.10 & 99.83 & 99.97
isun
& 2.30 & 99.29 & 99.86
texture
& 14.15 & 96.91 & 99.26
places
& 14.10 & 97.05 & 99.34
total
& 7.66 & 98.27 & 99.61
cifar
& 49.75 & 89.72 & 97.67
  FPR95 AUROC AUPR (acc 94.27)
lsun
& 0.20 & 99.81 & 99.96
isun
& 1.55 & 99.37 & 99.88
texture
& 12.20 & 97.44 & 99.43
places
& 12.85 & 97.48 & 99.48
total
& 6.70 & 98.53 & 99.69
cifar
& 50.65 & 89.80 & 97.73
  FPR95 AUROC AUPR (acc 94.21)
lsun
& 0.10 & 99.77 & 99.96
isun
& 1.10 & 99.51 & 99.91
texture
& 9.10 & 97.87 & 99.51
places
& 11.80 & 97.37 & 99.43
total
& 5.53 & 98.63 & 99.70
cifar
& 45.80 & 90.68 & 97.90
  FPR95 AUROC AUPR (acc 94.26)
lsun
& 0.25 & 99.88 & 99.98
isun
& 1.15 & 99.66 & 99.93
texture
& 10.05 & 97.83 & 99.48
places
& 11.35 & 97.61 & 99.48
total
& 5.70 & 98.75 & 99.72
cifar
& 43.75 & 91.54 & 98.08
  FPR95 AUROC AUPR (acc 94.36)
lsun
& 0.35 & 99.88 & 99.98
isun
& 0.95 & 99.71 & 99.94
texture
& 8.80 & 98.34 & 99.63
places
& 12.45 & 97.40 & 99.42
total
& 5.64 & 98.83 & 99.74
cifar
& 40.45 & 91.89 & 98.18
  FPR95 AUROC AUPR (acc 94.45)
lsun
& 0.00 & 99.91 & 99.98
isun
& 0.35 & 99.71 & 99.94
texture
& 9.65 & 97.97 & 99.52
places
& 11.00 & 97.66 & 99.49
total
& 5.25 & 98.81 & 99.73
cifar
& 42.80 & 91.77 & 98.16
