cifar100_wrn_0.001_poem.log

batch_size: 128
begin_epoch: 0
calibration: False
dataset: cifar100
decay: 0.0005
droprate: 0.3
epochs: 10
layers: 40
learning_rate: 0.001
lr_adjust: poem
model: wrn
momentum: 0.9
ngpu: 1
num_to_avg: 1
oe_batch_size: 256
out_as_pos: False
prefetch: 4
seed: 1
test: False
test_bs: 200
use_xent: False
warmup: 5
widen_factor: 2

  FPR95 AUROC AUPR (acc 69.31)
lsun
& 27.05 & 94.86 & 98.90
isun
& 41.25 & 92.38 & 98.38
texture
& 61.80 & 80.94 & 94.74
places
& 71.45 & 81.15 & 95.41
total
& 50.39 & 87.33 & 96.86
cifar
& 87.90 & 70.19 & 92.51
  FPR95 AUROC AUPR (acc 68.97)
lsun
& 43.25 & 92.60 & 98.41
isun
& 18.75 & 97.02 & 99.40
texture
& 55.05 & 81.20 & 94.47
places
& 65.35 & 83.92 & 96.15
total
& 45.60 & 88.69 & 97.11
cifar
& 90.10 & 68.02 & 91.79
  FPR95 AUROC AUPR (acc 69.94)
lsun
& 45.65 & 93.12 & 98.60
isun
& 21.30 & 96.47 & 99.29
texture
& 59.65 & 80.26 & 94.27
places
& 61.25 & 85.01 & 96.39
total
& 46.96 & 88.71 & 97.14
cifar
& 89.65 & 67.93 & 91.82
  FPR95 AUROC AUPR (acc 71.21)
lsun
& 43.00 & 94.04 & 98.81
isun
& 20.50 & 96.59 & 99.31
texture
& 59.05 & 82.56 & 95.19
places
& 56.05 & 86.91 & 96.90
total
& 44.65 & 90.03 & 97.55
cifar
& 91.20 & 68.61 & 92.01
  FPR95 AUROC AUPR (acc 71.15)
lsun
& 40.45 & 94.38 & 98.88
isun
& 22.55 & 96.40 & 99.27
texture
& 58.75 & 82.34 & 95.13
places
& 55.35 & 87.20 & 96.97
total
& 44.27 & 90.08 & 97.56
cifar
& 89.95 & 69.45 & 92.31
  FPR95 AUROC AUPR (acc 66.91)
lsun
& 13.10 & 97.35 & 99.46
isun
& 2.55 & 99.46 & 99.89
texture
& 55.45 & 82.97 & 95.27
places
& 62.70 & 84.08 & 96.18
total
& 33.45 & 90.96 & 97.70
cifar
& 89.50 & 69.30 & 92.24
  FPR95 AUROC AUPR (acc 70.94)
lsun
& 29.80 & 95.57 & 99.12
isun
& 10.60 & 97.99 & 99.59
texture
& 51.70 & 84.88 & 95.84
places
& 52.40 & 87.82 & 97.17
total
& 36.12 & 91.57 & 97.93
cifar
& 89.65 & 69.02 & 92.14
  FPR95 AUROC AUPR (acc 70.83)
lsun
& 44.30 & 93.91 & 98.78
isun
& 22.80 & 96.40 & 99.28
texture
& 59.15 & 83.27 & 95.48
places
& 57.05 & 86.28 & 96.73
total
& 45.83 & 89.97 & 97.57
cifar
& 91.25 & 67.86 & 91.81
  FPR95 AUROC AUPR (acc 65.59)
lsun
& 10.65 & 98.04 & 99.60
isun
& 3.60 & 99.22 & 99.83
texture
& 54.70 & 82.27 & 94.78
places
& 64.40 & 83.12 & 95.92
total
& 33.34 & 90.66 & 97.53
cifar
& 87.05 & 69.87 & 92.35
