cifar100_wrn_0.1_poem.log

batch_size: 128
begin_epoch: 0
calibration: False
dataset: cifar100
decay: 0.0005
droprate: 0.3
epochs: 10
layers: 40
learning_rate: 0.1
lr_adjust: poem
model: wrn
momentum: 0.9
ngpu: 1
num_to_avg: 1
oe_batch_size: 256
oe_setting: no
out_as_pos: False
prefetch: 4
seed: 1
test: False
test_bs: 200
use_xent: False
warmup: 5
widen_factor: 2

  FPR95 AUROC AUPR (acc 60.45)
lsun
& 41.70 & 93.41 & 98.63
isun
& 58.25 & 88.78 & 97.58
texture
& 68.70 & 81.07 & 95.08
places
& 49.70 & 89.11 & 97.41
total
& 54.59 & 88.09 & 97.18
cifar
& 92.20 & 65.78 & 91.10
  FPR95 AUROC AUPR (acc 59.63)
lsun
& 58.00 & 90.94 & 98.12
isun
& 53.00 & 86.61 & 96.73
texture
& 61.50 & 82.17 & 95.46
places
& 59.40 & 84.30 & 95.99
total
& 57.97 & 86.00 & 96.57
cifar
& 92.10 & 63.49 & 90.07
  FPR95 AUROC AUPR (acc 59.23)
lsun
& 18.70 & 96.04 & 99.18
isun
& 27.75 & 94.58 & 98.84
texture
& 46.25 & 87.74 & 96.90
places
& 50.25 & 87.13 & 96.73
total
& 35.74 & 91.37 & 97.91
cifar
& 93.90 & 64.12 & 90.26
  FPR95 AUROC AUPR (acc 55.08)
lsun
& 44.00 & 92.98 & 98.55
isun
& 87.95 & 62.71 & 87.42
texture
& 81.60 & 71.47 & 91.60
places
& 75.55 & 81.37 & 95.45
total
& 72.28 & 77.13 & 93.26
cifar
& 92.05 & 61.61 & 89.22
  FPR95 AUROC AUPR (acc 72.40)
lsun
& 7.80 & 98.25 & 99.66
isun
& 48.40 & 85.27 & 96.04
texture
& 56.60 & 86.47 & 96.77
places
& 71.50 & 77.42 & 94.09
total
& 46.07 & 86.85 & 96.64
cifar
& 88.90 & 73.64 & 93.51
  FPR95 AUROC AUPR (acc 72.96)
lsun
& 9.05 & 97.74 & 99.56
isun
& 17.60 & 96.07 & 99.16
texture
& 50.70 & 87.60 & 96.95
places
& 71.65 & 78.51 & 94.44
total
& 37.25 & 89.98 & 97.53
cifar
& 87.15 & 74.72 & 93.95
  FPR95 AUROC AUPR (acc 74.10)
lsun
& 3.60 & 98.75 & 99.75
isun
& 22.90 & 94.54 & 98.74
texture
& 46.65 & 88.94 & 97.37
places
& 70.05 & 79.62 & 94.71
total
& 35.80 & 90.46 & 97.64
cifar
& 87.10 & 74.78 & 93.87
  FPR95 AUROC AUPR (acc 73.96)
lsun
& 3.45 & 98.64 & 99.74
isun
& 25.35 & 92.96 & 98.29
texture
& 47.20 & 88.13 & 97.07
places
& 69.65 & 79.51 & 94.72
total
& 36.41 & 89.81 & 97.46
cifar
& 87.95 & 74.49 & 93.85
  FPR95 AUROC AUPR (acc 73.71)
lsun
& 5.15 & 98.66 & 99.74
isun
& 22.10 & 94.70 & 98.76
texture
& 37.70 & 91.28 & 97.92
places
& 70.10 & 80.24 & 95.07
total
& 33.76 & 91.22 & 97.87
cifar
& 86.55 & 74.34 & 93.70
cifar100_wrn_0.1_poem.log

batch_size: 128
begin_epoch: 0
calibration: False
dataset: cifar100
decay: 0.0005
droprate: 0.3
epochs: 10
layers: 40
learning_rate: 0.1
lr_adjust: poem
model: wrn
momentum: 0.9
ngpu: 1
num_to_avg: 1
oe_batch_size: 256
oe_setting: None
out_as_pos: False
prefetch: 4
seed: 1
test: False
test_bs: 200
use_xent: False
warmup: 5
widen_factor: 2

  FPR95 AUROC AUPR (acc 59.99)
lsun
& 17.15 & 96.48 & 99.24
isun
& 55.05 & 86.35 & 96.80
texture
& 60.70 & 82.02 & 95.15
places
& 52.35 & 86.56 & 96.70
total
& 46.31 & 87.85 & 96.97
cifar
& 89.50 & 68.20 & 91.66
  FPR95 AUROC AUPR (acc 58.15)
lsun
& 62.40 & 88.12 & 97.45
isun
& 70.05 & 83.82 & 96.45
texture
& 73.35 & 78.45 & 94.38
places
& 71.00 & 82.85 & 95.81
total
& 69.20 & 83.31 & 96.02
cifar
& 91.25 & 62.68 & 89.82
  FPR95 AUROC AUPR (acc 56.55)
lsun
& 15.25 & 96.51 & 99.24
isun
& 33.95 & 92.67 & 98.33
texture
& 54.30 & 83.37 & 95.34
places
& 60.65 & 80.35 & 94.44
total
& 41.04 & 88.23 & 96.84
cifar
& 92.15 & 63.74 & 89.73
  FPR95 AUROC AUPR (acc 59.10)
lsun
& 17.65 & 96.11 & 99.18
isun
& 52.50 & 81.97 & 95.18
texture
& 68.55 & 76.25 & 93.42
places
& 70.00 & 73.18 & 91.75
total
& 52.17 & 81.88 & 94.88
cifar
& 90.95 & 69.35 & 92.05
  FPR95 AUROC AUPR (acc 72.39)
lsun
& 9.10 & 97.89 & 99.59
isun
& 40.25 & 90.93 & 97.92
texture
& 53.75 & 87.26 & 96.94
places
& 69.90 & 78.45 & 94.26
total
& 43.25 & 88.63 & 97.18
cifar
& 89.85 & 72.41 & 93.10
  FPR95 AUROC AUPR (acc 72.93)
lsun
& 9.50 & 97.80 & 99.56
isun
& 10.05 & 97.76 & 99.54
texture
& 46.10 & 88.59 & 97.20
places
& 69.20 & 79.50 & 94.61
total
& 33.71 & 90.91 & 97.73
cifar
& 86.75 & 74.55 & 93.81
  FPR95 AUROC AUPR (acc 73.95)
lsun
& 3.65 & 98.79 & 99.76
isun
& 9.50 & 97.98 & 99.59
texture
& 44.10 & 89.41 & 97.46
places
& 71.20 & 77.87 & 94.05
total
& 32.11 & 91.01 & 97.72
cifar
& 85.70 & 74.79 & 93.80
  FPR95 AUROC AUPR (acc 73.95)
lsun
& 3.75 & 98.58 & 99.73
isun
& 15.70 & 96.52 & 99.25
texture
& 43.45 & 89.13 & 97.35
places
& 68.10 & 79.63 & 94.69
total
& 32.75 & 90.96 & 97.76
cifar
& 87.35 & 74.13 & 93.72
  FPR95 AUROC AUPR (acc 73.47)
lsun
& 4.90 & 98.74 & 99.75
isun
& 11.35 & 97.46 & 99.44
texture
& 38.05 & 90.67 & 97.74
places
& 73.00 & 77.95 & 94.28
total
& 31.83 & 91.21 & 97.80
cifar
& 85.60 & 74.52 & 93.74
