cifar10_resnet18.log

batch_size: 128
begin_epoch: 0
calibration: False
dataset: cifar10
decay: 0.0005
droprate: 0.3
epochs: 10
layers: 40
learning_rate: 0.01
momentum: 0.9
ngpu: 1
num_to_avg: 1
oe_batch_size: 256
out_as_pos: False
prefetch: 4
seed: 1
test: False
test_bs: 200
use_xent: False
warmup: 5
widen_factor: 2

  FPR95 AUROC AUPR (acc 82.25)
lsun
& 46.20 & 92.06 & 98.36
isun
& 68.95 & 83.98 & 96.36
texture
& 74.55 & 82.59 & 96.07
places
& 72.25 & 82.41 & 95.90
total
& 65.49 & 85.26 & 96.67
cifar
& 77.95 & 80.89 & 95.62
