cifar10_-_to_+.log

batch_size: 128
begin_epoch: 0
calibration: False
dataset: cifar10
decay: 0.0005
droprate: 0.3
epochs: 10
layers: 40
learning_rate: 0.01
momentum: 0.9
ngpu: 1
num_to_avg: 1
oe_batch_size: 256
out_as_pos: False
prefetch: 4
seed: 1
test: False
test_bs: 200
use_xent: False
warmup: 5
widen_factor: 2

  FPR95 AUROC AUPR (acc 10.87)
lsun
& 95.85 & 36.03 & 76.79
isun
& 95.45 & 51.45 & 84.70
texture
& 93.05 & 44.91 & 79.67
places
& 95.60 & 46.27 & 82.36
total
& 94.99 & 44.67 & 80.88
cifar
& 92.90 & 48.40 & 81.46
