cifar10_gaussian_perturbation.log

batch_size: 128
begin_epoch: 0
calibration: False
dataset: cifar10
decay: 0.0005
droprate: 0.3
epochs: 10
layers: 40
learning_rate: 0.01
momentum: 0.9
ngpu: 1
num_to_avg: 1
oe_batch_size: 256
out_as_pos: False
prefetch: 4
seed: 1
test: False
test_bs: 200
use_xent: False
warmup: 5
widen_factor: 2

  FPR95 AUROC AUPR (acc 10.00)
lsun
& 73.45 & 75.77 & 93.69
isun
& 89.45 & 63.72 & 89.32
texture
& 96.00 & 47.86 & 83.01
places
& 94.25 & 51.56 & 83.68
total
& 88.29 & 59.73 & 87.43
cifar
& 94.25 & 52.29 & 84.45
