cifar10_baseline.log

batch_size: 128
begin_epoch: 0
calibration: False
dataset: cifar10
decay: 0.0005
droprate: 0.3
epochs: 10
layers: 40
learning_rate: 0.01
momentum: 0.9
ngpu: 1
num_to_avg: 1
oe_batch_size: 256
out_as_pos: False
prefetch: 4
seed: 1
test: False
test_bs: 200
use_xent: False
warmup: 5
widen_factor: 2

  FPR95 AUROC AUPR (acc 90.64)
lsun
& 2.70 & 98.94 & 99.80
isun
& 7.05 & 97.91 & 99.61
texture
& 40.65 & 92.16 & 98.23
places
& 51.70 & 91.38 & 98.19
total
& 25.53 & 95.10 & 98.96
cifar
& 72.55 & 81.15 & 95.57

  FPR95 AUROC AUPR (acc 90.44)
lsun
& 2.40 & 98.70 & 99.76
isun
& 7.75 & 97.74 & 99.58
texture
& 41.40 & 91.63 & 98.05
places
& 51.70 & 90.98 & 98.09
total
& 25.81 & 94.76 & 98.87
cifar
& 74.25 & 80.32 & 95.33

  FPR95 AUROC AUPR (acc 90.39)
lsun
& 2.45 & 98.65 & 99.75
isun
& 5.10 & 98.17 & 99.66
texture
& 39.25 & 92.15 & 98.19
places
& 52.70 & 90.93 & 98.08
total
& 24.88 & 94.98 & 98.92
cifar
& 74.20 & 80.52 & 95.37
