cifar100_std.log

batch_size: 128
begin_epoch: 0
calibration: False
dataset: cifar100
decay: 0.0005
droprate: 0.3
epochs: 10
layers: 40
learning_rate: 0.01
momentum: 0.9
ngpu: 1
num_to_avg: 1
oe_batch_size: 256
out_as_pos: False
prefetch: 4
seed: 1
test: False
test_bs: 200
use_xent: False
warmup: 5
widen_factor: 2

  FPR95 AUROC AUPR (acc 74.56)
lsun
& 6.25 & 98.25 & 99.66
isun
& 22.00 & 96.29 & 99.26
texture
& 36.80 & 92.19 & 98.22
places
& 54.45 & 87.59 & 97.03
total
& 29.87 & 93.58 & 98.54
cifar
& 89.45 & 73.27 & 93.34
