cifar10_std+1.log

batch_size: 128
begin_epoch: 0
calibration: False
dataset: cifar10
decay: 0.0005
droprate: 0.3
epochs: 10
layers: 40
learning_rate: 0.01
momentum: 0.9
ngpu: 1
num_to_avg: 1
oe_batch_size: 256
out_as_pos: False
prefetch: 4
seed: 1
test: False
test_bs: 200
use_xent: False
warmup: 5
widen_factor: 2

  FPR95 AUROC AUPR (acc 94.09)
lsun
& 0.10 & 99.74 & 99.95
isun
& 2.45 & 99.11 & 99.83
texture
& 13.70 & 97.22 & 99.36
places
& 14.05 & 97.17 & 99.38
total
& 7.57 & 98.31 & 99.63
cifar
& 53.00 & 89.96 & 97.78
