cifar10_+_to_-.log

batch_size: 128
begin_epoch: 0
calibration: False
dataset: cifar10
decay: 0.0005
droprate: 0.3
epochs: 10
layers: 40
learning_rate: 0.01
momentum: 0.9
ngpu: 1
num_to_avg: 1
oe_batch_size: 256
out_as_pos: False
prefetch: 4
seed: 1
test: False
test_bs: 200
use_xent: False
warmup: 5
widen_factor: 2

  FPR95 AUROC AUPR (acc 10.00)
lsun
& 100.00 & 50.00 & 83.33
isun
& 100.00 & 50.00 & 83.33
texture
& 100.00 & 49.98 & 83.33
places
& 100.00 & 50.00 & 83.33
total
& 100.00 & 49.99 & 83.33
cifar
& 100.00 & 50.00 & 83.33
