cifar10_sub_POEM.log

batch_size: 128
begin_epoch: 0
calibration: False
dataset: cifar10
decay: 0.0005
droprate: 0.3
epochs: 10
layers: 40
learning_rate: 0.01
momentum: 0.9
ngpu: 1
num_to_avg: 1
oe_batch_size: 256
out_as_pos: False
prefetch: 4
seed: 1
test: False
test_bs: 200
use_xent: False
warmup: 5
widen_factor: 2

  FPR95 AUROC AUPR (acc 94.00)
lsun
& 0.20 & 99.64 & 99.93
isun
& 1.30 & 99.20 & 99.85
texture
& 14.45 & 96.88 & 99.29
places
& 13.85 & 97.16 & 99.41
total
& 7.45 & 98.22 & 99.62
cifar
& 60.05 & 88.32 & 97.42
