cifar10_uniform_perturbation.log

batch_size: 128
begin_epoch: 0
calibration: False
dataset: cifar10
decay: 0.0005
droprate: 0.3
epochs: 10
layers: 40
learning_rate: 0.01
momentum: 0.9
ngpu: 1
num_to_avg: 1
oe_batch_size: 256
out_as_pos: False
prefetch: 4
seed: 1
test: False
test_bs: 200
use_xent: False
warmup: 5
widen_factor: 2

  FPR95 AUROC AUPR (acc 94.12)
lsun
& 0.05 & 99.79 & 99.96
isun
& 2.40 & 99.11 & 99.83
texture
& 15.30 & 96.71 & 99.16
places
& 20.45 & 96.22 & 99.19
total
& 9.55 & 97.96 & 99.54
cifar
& 58.65 & 87.93 & 97.26
