cifar10_combined.log

batch_size: 128
begin_epoch: 0
calibration: False
dataset: cifar10
decay: 0.0005
droprate: 0.3
epochs: 10
layers: 40
learning_rate: 0.01
momentum: 0.9
ngpu: 1
num_to_avg: 1
oe_batch_size: 256
out_as_pos: False
prefetch: 4
seed: 1
test: False
test_bs: 200
use_xent: False
warmup: 5
widen_factor: 2

  FPR95 AUROC AUPR (acc 94.36)
lsun
& 0.05 & 99.87 & 99.98
isun
& 0.75 & 99.54 & 99.91
texture
& 9.35 & 97.63 & 99.37
places
& 13.05 & 97.25 & 99.40
total
& 5.80 & 98.57 & 99.67
cifar
& 47.65 & 90.21 & 97.75
