cifar10_lr_POEM.log

batch_size: 128
begin_epoch: 0
calibration: False
dataset: cifar10
decay: 0.0005
droprate: 0.3
epochs: 10
layers: 40
learning_rate: 0.01
momentum: 0.9
ngpu: 1
num_to_avg: 1
oe_batch_size: 256
out_as_pos: False
prefetch: 4
seed: 1
test: False
test_bs: 200
use_xent: False
warmup: 5
widen_factor: 2

  FPR95 AUROC AUPR (acc 94.28)
lsun
& 0.25 & 99.85 & 99.97
isun
& 0.95 & 99.55 & 99.91
texture
& 10.95 & 97.59 & 99.43
places
& 11.10 & 97.60 & 99.44
total
& 5.81 & 98.65 & 99.69
cifar
& 44.75 & 91.24 & 98.06
