cifar10_std-1.log

batch_size: 128
begin_epoch: 0
calibration: False
dataset: cifar10
decay: 0.0005
droprate: 0.3
epochs: 10
layers: 40
learning_rate: 0.01
momentum: 0.9
ngpu: 1
num_to_avg: 1
oe_batch_size: 256
out_as_pos: False
prefetch: 4
seed: 1
test: False
test_bs: 200
use_xent: False
warmup: 5
widen_factor: 2

  FPR95 AUROC AUPR (acc 94.21)
lsun
& 0.05 & 99.86 & 99.97
isun
& 0.65 & 99.64 & 99.93
texture
& 10.80 & 97.74 & 99.42
places
& 12.10 & 97.72 & 99.51
total
& 5.90 & 98.74 & 99.71
cifar
& 46.20 & 90.97 & 97.95
