cifar10_std.log

batch_size: 128
begin_epoch: 0
calibration: False
dataset: cifar10
decay: 0.0005
droprate: 0.3
epochs: 10
layers: 40
learning_rate: 0.01
momentum: 0.9
ngpu: 1
num_to_avg: 1
oe_batch_size: 256
out_as_pos: False
prefetch: 4
seed: 1
test: False
test_bs: 200
use_xent: False
warmup: 5
widen_factor: 2

  FPR95 AUROC AUPR (acc 94.58)
lsun
& 0.15 & 99.87 & 99.98
isun
& 0.95 & 99.57 & 99.92
texture
& 8.65 & 98.11 & 99.56
places
& 10.55 & 97.80 & 99.51
total
& 5.07 & 98.84 & 99.74
cifar
& 46.00 & 90.53 & 97.79
