cifar100_add_to_sub.log

batch_size: 128
begin_epoch: 0
calibration: False
dataset: cifar100
decay: 0.0005
droprate: 0.3
epochs: 10
layers: 40
learning_rate: 0.01
momentum: 0.9
ngpu: 1
num_to_avg: 1
oe_batch_size: 256
out_as_pos: False
prefetch: 4
seed: 1
test: False
test_bs: 200
use_xent: False
warmup: 5
widen_factor: 2

  FPR95 AUROC AUPR (acc 73.94)
lsun
& 6.15 & 98.13 & 99.65
isun
& 31.00 & 95.00 & 99.00
texture
& 48.15 & 90.11 & 97.59
places
& 60.25 & 86.66 & 96.86
total
& 36.39 & 92.48 & 98.27
cifar
& 90.35 & 71.43 & 92.92
