cifar10_add_to_sub.log

batch_size: 128
begin_epoch: 0
calibration: False
dataset: cifar10
decay: 0.0005
droprate: 0.3
epochs: 10
layers: 40
learning_rate: 0.01
momentum: 0.9
ngpu: 1
num_to_avg: 1
oe_batch_size: 256
out_as_pos: False
prefetch: 4
seed: 1
test: False
test_bs: 200
use_xent: False
warmup: 5
widen_factor: 2

  FPR95 AUROC AUPR (acc 94.08)
lsun
& 0.20 & 99.75 & 99.95
isun
& 0.25 & 99.65 & 99.93
texture
& 7.40 & 98.31 & 99.62
places
& 7.05 & 98.34 & 99.66
total
& 3.73 & 99.01 & 99.79
cifar
& 45.60 & 91.03 & 97.96
